#
# There is insufficient memory for the Java Runtime Environment to continue.
# Native memory allocation (malloc) failed to allocate 1258112 bytes for Chunk::new
# Possible reasons:
#   The system is out of physical RAM or swap space
#   The process is running with CompressedOops enabled, and the Java Heap may be blocking the growth of the native heap
# Possible solutions:
#   Reduce memory load on the system
#   Increase physical memory or swap space
#   Check if swap backing store is full
#   Decrease Java heap size (-Xmx/-Xms)
#   Decrease number of Java threads
#   Decrease Java thread stack sizes (-Xss)
#   Set larger code cache with -XX:ReservedCodeCacheSize=
#   JVM is running with Unscaled Compressed Oops mode in which the Java heap is
#     placed in the first 4GB address space. The Java Heap base address is the
#     maximum limit for the native heap growth. Please use -XX:HeapBaseMinAddress
#     to set the Java Heap base and to place the Java Heap above 4GB virtual address.
# This output file may be truncated or incomplete.
#
#  Out of Memory Error (allocation.cpp:389), pid=20308, tid=0x0000000000002f88
#
# JRE version: OpenJDK Runtime Environment (8.0_242-b01) (build 1.8.0_242-release-1644-b01)
# Java VM: OpenJDK 64-Bit Server VM (25.242-b01 mixed mode windows-amd64 compressed oops)
# Failed to write core dump. Minidumps are not enabled by default on client versions of Windows
#

---------------  T H R E A D  ---------------

Current thread (0x0000000017c0b800):  JavaThread "C2 CompilerThread0" daemon [_thread_in_native, id=12168, stack(0x000000001a2d0000,0x000000001a3d0000)]

Stack: [0x000000001a2d0000,0x000000001a3d0000]
[error occurred during error reporting (printing stack bounds), id 0xc0000005]

Native frames: (J=compiled Java code, j=interpreted, Vv=VM code, C=native code)


Current CompileTask:
C2:  76909 17703       4       com.android.tools.r8.graph.H0$a::a (141 bytes)


---------------  P R O C E S S  ---------------

Java Threads: ( => current thread )
  0x00000000216c6000 JavaThread "ForkJoinPool-3-worker-0" daemon [_thread_blocked, id=6076, stack(0x000000002a7e0000,0x000000002a8e0000)]
  0x00000000216c5800 JavaThread "ForkJoinPool-3-worker-7" daemon [_thread_in_Java, id=4436, stack(0x000000002a6e0000,0x000000002a7e0000)]
  0x00000000216bd800 JavaThread "ForkJoinPool-3-worker-6" daemon [_thread_blocked, id=10252, stack(0x000000002a4e0000,0x000000002a5e0000)]
  0x00000000216c3000 JavaThread "ForkJoinPool-3-worker-5" daemon [_thread_blocked, id=4532, stack(0x000000002a290000,0x000000002a390000)]
  0x00000000216c4800 JavaThread "ForkJoinPool-3-worker-4" daemon [_thread_blocked, id=3068, stack(0x000000002a190000,0x000000002a290000)]
  0x00000000216c2800 JavaThread "ForkJoinPool-3-worker-3" daemon [_thread_blocked, id=14240, stack(0x000000002a090000,0x000000002a190000)]
  0x000000001fca3800 JavaThread "ForkJoinPool-3-worker-2" daemon [_thread_blocked, id=19916, stack(0x0000000029190000,0x0000000029290000)]
  0x000000001fca2800 JavaThread "ForkJoinPool-3-worker-1" daemon [_thread_blocked, id=9260, stack(0x0000000028100000,0x0000000028200000)]
  0x000000001fca2000 JavaThread "WorkerExecutor Queue" [_thread_blocked, id=21416, stack(0x0000000027980000,0x0000000027a80000)]
  0x000000001fca0800 JavaThread "Cache worker for execution history cache (F:\Android\MVVMApp\.gradle\6.1.1\executionHistory)" [_thread_blocked, id=13124, stack(0x0000000027160000,0x0000000027260000)]
  0x000000001fc97800 JavaThread "Execution worker for ':' Thread 7" [_thread_blocked, id=20524, stack(0x0000000027060000,0x0000000027160000)]
  0x000000001fc9e000 JavaThread "Execution worker for ':' Thread 6" [_thread_blocked, id=7288, stack(0x0000000026f60000,0x0000000027060000)]
  0x000000001fc96800 JavaThread "Execution worker for ':' Thread 5" [_thread_blocked, id=9208, stack(0x0000000026e60000,0x0000000026f60000)]
  0x000000001fc96000 JavaThread "Execution worker for ':' Thread 4" [_thread_blocked, id=2992, stack(0x0000000026d60000,0x0000000026e60000)]
  0x000000001fc95000 JavaThread "Execution worker for ':' Thread 3" [_thread_blocked, id=14528, stack(0x0000000026a60000,0x0000000026b60000)]
  0x000000001fc9c000 JavaThread "Execution worker for ':' Thread 2" [_thread_blocked, id=14704, stack(0x0000000024e80000,0x0000000024f80000)]
  0x000000001fc98000 JavaThread "Execution worker for ':'" [_thread_blocked, id=17892, stack(0x0000000024d80000,0x0000000024e80000)]
  0x000000001fc9a800 JavaThread "Cache worker for file content cache (F:\Android\MVVMApp\.gradle\6.1.1\fileContent)" [_thread_blocked, id=10032, stack(0x0000000026260000,0x0000000026360000)]
  0x000000001fc99800 JavaThread "Cache worker for Build Output Cleanup Cache (F:\Android\MVVMApp\.gradle\buildOutputCleanup)" [_thread_blocked, id=19060, stack(0x0000000024c80000,0x0000000024d80000)]
  0x0000000023788800 JavaThread "Build operations Thread 8" [_thread_blocked, id=7744, stack(0x0000000024b80000,0x0000000024c80000)]
  0x0000000023788000 JavaThread "Build operations Thread 7" [_thread_blocked, id=7860, stack(0x0000000024a80000,0x0000000024b80000)]
  0x0000000023787000 JavaThread "Build operations Thread 6" [_thread_blocked, id=17552, stack(0x0000000024980000,0x0000000024a80000)]
  0x0000000023786800 JavaThread "Build operations Thread 5" [_thread_blocked, id=19988, stack(0x0000000024880000,0x0000000024980000)]
  0x0000000023785800 JavaThread "Build operations Thread 4" [_thread_blocked, id=16292, stack(0x0000000024780000,0x0000000024880000)]
  0x000000002378b800 JavaThread "Build operations Thread 3" [_thread_blocked, id=5240, stack(0x0000000022f30000,0x0000000023030000)]
  0x000000002378c800 JavaThread "Build operations Thread 2" [_thread_blocked, id=5312, stack(0x00000000223c0000,0x00000000224c0000)]
  0x000000002378b000 JavaThread "Build operations" [_thread_blocked, id=15004, stack(0x0000000021fc0000,0x00000000220c0000)]
  0x0000000023785000 JavaThread "Cache worker for cache directory md-rule (C:\Users\delli\.gradle\caches\6.1.1\md-rule)" [_thread_blocked, id=20576, stack(0x0000000021ec0000,0x0000000021fc0000)]
  0x0000000023784000 JavaThread "Cache worker for cache directory md-supplier (C:\Users\delli\.gradle\caches\6.1.1\md-supplier)" [_thread_blocked, id=16496, stack(0x0000000020d90000,0x0000000020e90000)]
  0x0000000023783800 JavaThread "Cache worker for file hash cache (F:\Android\MVVMApp\.gradle\6.1.1\fileHashes)" [_thread_blocked, id=1172, stack(0x0000000020c90000,0x0000000020d90000)]
  0x0000000023780800 JavaThread "Cache worker for checksums cache (F:\Android\MVVMApp\.gradle\checksums)" [_thread_blocked, id=9588, stack(0x000000001dff0000,0x000000001e0f0000)]
  0x000000002377f800 JavaThread "Thread-53" [_thread_blocked, id=15312, stack(0x000000001ddf0000,0x000000001def0000)]
  0x0000000023782800 JavaThread "Stdin handler" [_thread_blocked, id=10708, stack(0x000000001daf0000,0x000000001dbf0000)]
  0x0000000023782000 JavaThread "Asynchronous log dispatcher for DefaultDaemonConnection: socket connection from /127.0.0.1:49292 to /127.0.0.1:49834" [_thread_blocked, id=6368, stack(0x0000000000f50000,0x0000000001050000)]
  0x000000002377d800 JavaThread "Cancel handler" [_thread_blocked, id=21112, stack(0x0000000000e50000,0x0000000000f50000)]
  0x000000002377f000 JavaThread "Handler for socket connection from /127.0.0.1:49292 to /127.0.0.1:49834" [_thread_in_native, id=21292, stack(0x0000000000d50000,0x0000000000e50000)]
  0x000000001f33d800 JavaThread "ForkJoinPool.commonPool-worker-4" daemon [_thread_blocked, id=18796, stack(0x000000002a5e0000,0x000000002a6e0000)]
  0x000000001f33c000 JavaThread "ForkJoinPool.commonPool-worker-2" daemon [_thread_blocked, id=15696, stack(0x000000002a3e0000,0x000000002a4e0000)]
  0x000000001f33b800 JavaThread "Cache worker for Java compile cache (C:\Users\delli\.gradle\caches\6.1.1\javaCompile)" [_thread_blocked, id=3344, stack(0x0000000029090000,0x0000000029190000)]
  0x000000001f33a800 JavaThread "RMI TCP Connection(idle)" daemon [_thread_blocked, id=10936, stack(0x0000000028d90000,0x0000000028e90000)]
  0x000000001f33d000 JavaThread "RMI Reaper" [_thread_blocked, id=13472, stack(0x0000000028c90000,0x0000000028d90000)]
  0x000000001f339000 JavaThread "RMI TCP Accept-0" daemon [_thread_in_native, id=7492, stack(0x0000000028b90000,0x0000000028c90000)]
  0x00000000216c7000 JavaThread "GC Daemon" daemon [_thread_blocked, id=17120, stack(0x0000000028a90000,0x0000000028b90000)]
  0x00000000216ca800 JavaThread "RMI Scheduler(0)" daemon [_thread_blocked, id=18344, stack(0x0000000027880000,0x0000000027980000)]
  0x000000001fc9f800 JavaThread "Cache worker for file content cache (C:\Users\delli\.gradle\caches\6.1.1\fileContent)" [_thread_blocked, id=18436, stack(0x0000000024680000,0x0000000024780000)]
  0x000000001fc9d800 JavaThread "Memory manager" [_thread_blocked, id=19256, stack(0x00000000232d0000,0x00000000233d0000)]
  0x000000001c566800 JavaThread "Cache worker for execution history cache (C:\Users\delli\.gradle\caches\6.1.1\executionHistory)" [_thread_blocked, id=13496, stack(0x00000000220c0000,0x00000000221c0000)]
  0x000000001c56a000 JavaThread "Cache worker for file hash cache (C:\Users\delli\.gradle\caches\6.1.1\fileHashes)" [_thread_blocked, id=16756, stack(0x000000001e7f0000,0x000000001e8f0000)]
  0x000000001c569800 JavaThread "File lock request listener" [_thread_in_native, id=16932, stack(0x000000001e6f0000,0x000000001e7f0000)]
  0x000000001c6c2800 JavaThread "Cache worker for journal cache (C:\Users\delli\.gradle\caches\journal-1)" [_thread_blocked, id=10128, stack(0x000000001e5f0000,0x000000001e6f0000)]
  0x0000000019b39800 JavaThread "Daemon worker" [_thread_blocked, id=6268, stack(0x000000001def0000,0x000000001dff0000)]
  0x000000001c4e7000 JavaThread "Daemon" [_thread_blocked, id=12644, stack(0x000000001d9f0000,0x000000001daf0000)]
  0x000000001c4dc800 JavaThread "Daemon periodic checks" [_thread_blocked, id=11176, stack(0x000000001d8f0000,0x000000001d9f0000)]
  0x000000001c410000 JavaThread "Incoming local TCP Connector on port 49292" [_thread_in_native, id=18936, stack(0x000000001d6b0000,0x000000001d7b0000)]
  0x000000001c3c8000 JavaThread "Daemon health stats" [_thread_blocked, id=20616, stack(0x000000001d070000,0x000000001d170000)]
  0x0000000019aa0800 JavaThread "Service Thread" daemon [_thread_blocked, id=21164, stack(0x000000001a6d0000,0x000000001a7d0000)]
  0x0000000019a12800 JavaThread "C1 CompilerThread3" daemon [_thread_blocked, id=5028, stack(0x000000001a5d0000,0x000000001a6d0000)]
  0x0000000019a10000 JavaThread "C2 CompilerThread2" daemon [_thread_in_native, id=13948, stack(0x000000001a4d0000,0x000000001a5d0000)]
  0x0000000019a09000 JavaThread "C2 CompilerThread1" daemon [_thread_in_native, id=18980, stack(0x000000001a3d0000,0x000000001a4d0000)]
=>0x0000000017c0b800 JavaThread "C2 CompilerThread0" daemon [_thread_in_native, id=12168, stack(0x000000001a2d0000,0x000000001a3d0000)]
  0x0000000019a06000 JavaThread "Attach Listener" daemon [_thread_blocked, id=21276, stack(0x000000001a1d0000,0x000000001a2d0000)]
  0x0000000019a04800 JavaThread "Signal Dispatcher" daemon [_thread_blocked, id=3696, stack(0x000000001a0d0000,0x000000001a1d0000)]
  0x00000000199f1000 JavaThread "Finalizer" daemon [_thread_blocked, id=6936, stack(0x0000000019ed0000,0x0000000019fd0000)]
  0x00000000199f0800 JavaThread "Reference Handler" daemon [_thread_blocked, id=11748, stack(0x0000000019dd0000,0x0000000019ed0000)]
  0x0000000002a92800 JavaThread "main" [_thread_blocked, id=11076, stack(0x0000000002990000,0x0000000002a90000)]

Other Threads:
  0x0000000017bf6800 VMThread [stack: 0x00000000198d0000,0x00000000199d0000] [id=21480]
  0x0000000019aa1800 WatcherThread [stack: 0x000000001a7d0000,0x000000001a8d0000] [id=19384]

VM state:not at safepoint (normal execution)

VM Mutex/Monitor currently owned by a thread: None

OutOfMemory and StackOverflow Exception counts:
OutOfMemoryError java_heap_errors=1

heap address: 0x0000000080000000, size: 2048 MB, Compressed Oops mode: 32-bit
Narrow klass base: 0x0000000000000000, Narrow klass shift: 3
Compressed class space size: 1073741824 Address: 0x0000000100000000

Heap:
 PSYoungGen      total 375808K, used 209971K [0x00000000d5580000, 0x00000000ee780000, 0x0000000100000000)
  eden space 352768K, 59% used [0x00000000d5580000,0x00000000e228ce08,0x00000000eae00000)
  from space 23040K, 0% used [0x00000000eca80000,0x00000000eca80000,0x00000000ee100000)
  to   space 29184K, 0% used [0x00000000eae00000,0x00000000eae00000,0x00000000eca80000)
 ParOldGen       total 190464K, used 107198K [0x0000000080000000, 0x000000008ba00000, 0x00000000d5580000)
  object space 190464K, 56% used [0x0000000080000000,0x00000000868afb60,0x000000008ba00000)
 Metaspace       used 110055K, capacity 114434K, committed 115352K, reserved 1148928K
  class space    used 14350K, capacity 15250K, committed 15536K, reserved 1048576K

Card table byte_map: [0x0000000011f50000,0x0000000012360000] byte_map_base: 0x0000000011b50000

Marking Bits: (ParMarkBitMap*) 0x000000005d9af030
 Begin Bits: [0x0000000012e10000, 0x0000000014e10000)
 End Bits:   [0x0000000014e10000, 0x0000000016e10000)

Polling page: 0x0000000001140000

CodeCache: size=245760Kb used=47265Kb max_used=47265Kb free=198494Kb
 bounds [0x0000000002b90000, 0x0000000005a00000, 0x0000000011b90000]
 total_blobs=15376 nmethods=14405 adapters=882
 compilation: enabled

Compilation events (10 events):
Event: 76.730 Thread 0x0000000019a12800 17722       2       java.util.stream.StreamOpFlag::fromCharacteristics (37 bytes)
Event: 76.731 Thread 0x0000000019a12800 nmethod 17722 0x000000000596df90 code [0x000000000596e100, 0x000000000596e2b8]
Event: 76.758 Thread 0x0000000019a12800 17725 % !   3       com.android.tools.r8.dex.r::b @ 81 (2682 bytes)
Event: 76.793 Thread 0x0000000019a12800 nmethod 17725% 0x0000000005985a90 code [0x0000000005987d80, 0x000000000599f078]
Event: 76.845 Thread 0x0000000019a12800 17729   !   3       com.android.tools.r8.dex.r::b (2682 bytes)
Event: 76.880 Thread 0x0000000019a12800 nmethod 17729 0x00000000059bd550 code [0x00000000059bf7e0, 0x00000000059d62a8]
Event: 76.905 Thread 0x0000000019a12800 17734       1       com.android.tools.r8.code.l::k (3 bytes)
Event: 76.905 Thread 0x0000000019a12800 nmethod 17734 0x000000000596d0d0 code [0x000000000596d220, 0x000000000596d330]
Event: 76.906 Thread 0x0000000019a12800 17735       2       com.android.tools.r8.dex.m::f (22 bytes)
Event: 76.906 Thread 0x0000000019a12800 nmethod 17735 0x000000000596cbd0 code [0x000000000596cd40, 0x000000000596cf18]

GC Heap History (10 events):
Event: 35.692 GC heap before
{Heap before GC invocations=16 (full 4):
 PSYoungGen      total 375808K, used 23031K [0x00000000d5580000, 0x00000000ee780000, 0x0000000100000000)
  eden space 352768K, 0% used [0x00000000d5580000,0x00000000d5580000,0x00000000eae00000)
  from space 23040K, 99% used [0x00000000eca80000,0x00000000ee0fde80,0x00000000ee100000)
  to   space 29184K, 0% used [0x00000000eae00000,0x00000000eae00000,0x00000000eca80000)
 ParOldGen       total 159232K, used 112062K [0x0000000080000000, 0x0000000089b80000, 0x00000000d5580000)
  object space 159232K, 70% used [0x0000000080000000,0x0000000086d6fbb0,0x0000000089b80000)
 Metaspace       used 95018K, capacity 98400K, committed 98584K, reserved 1134592K
  class space    used 12588K, capacity 13303K, committed 13360K, reserved 1048576K
Event: 35.970 GC heap after
Heap after GC invocations=16 (full 4):
 PSYoungGen      total 375808K, used 0K [0x00000000d5580000, 0x00000000ee780000, 0x0000000100000000)
  eden space 352768K, 0% used [0x00000000d5580000,0x00000000d5580000,0x00000000eae00000)
  from space 23040K, 0% used [0x00000000eca80000,0x00000000eca80000,0x00000000ee100000)
  to   space 29184K, 0% used [0x00000000eae00000,0x00000000eae00000,0x00000000eca80000)
 ParOldGen       total 159232K, used 102124K [0x0000000080000000, 0x0000000089b80000, 0x00000000d5580000)
  object space 159232K, 64% used [0x0000000080000000,0x00000000863bb370,0x0000000089b80000)
 Metaspace       used 94929K, capacity 98144K, committed 98584K, reserved 1134592K
  class space    used 12560K, capacity 13253K, committed 13360K, reserved 1048576K
}
Event: 37.609 GC heap before
{Heap before GC invocations=17 (full 4):
 PSYoungGen      total 375808K, used 352768K [0x00000000d5580000, 0x00000000ee780000, 0x0000000100000000)
  eden space 352768K, 100% used [0x00000000d5580000,0x00000000eae00000,0x00000000eae00000)
  from space 23040K, 0% used [0x00000000eca80000,0x00000000eca80000,0x00000000ee100000)
  to   space 29184K, 0% used [0x00000000eae00000,0x00000000eae00000,0x00000000eca80000)
 ParOldGen       total 159232K, used 102124K [0x0000000080000000, 0x0000000089b80000, 0x00000000d5580000)
  object space 159232K, 64% used [0x0000000080000000,0x00000000863bb370,0x0000000089b80000)
 Metaspace       used 97056K, capacity 100444K, committed 100760K, reserved 1136640K
  class space    used 12761K, capacity 13457K, committed 13488K, reserved 1048576K
Event: 37.639 GC heap after
Heap after GC invocations=17 (full 4):
 PSYoungGen      total 381952K, used 29182K [0x00000000d5580000, 0x00000000ee780000, 0x0000000100000000)
  eden space 352768K, 0% used [0x00000000d5580000,0x00000000d5580000,0x00000000eae00000)
  from space 29184K, 99% used [0x00000000eae00000,0x00000000eca7f870,0x00000000eca80000)
  to   space 23040K, 0% used [0x00000000eca80000,0x00000000eca80000,0x00000000ee100000)
 ParOldGen       total 159232K, used 108111K [0x0000000080000000, 0x0000000089b80000, 0x00000000d5580000)
  object space 159232K, 67% used [0x0000000080000000,0x0000000086993cf0,0x0000000089b80000)
 Metaspace       used 97056K, capacity 100444K, committed 100760K, reserved 1136640K
  class space    used 12761K, capacity 13457K, committed 13488K, reserved 1048576K
}
Event: 41.536 GC heap before
{Heap before GC invocations=18 (full 4):
 PSYoungGen      total 381952K, used 381786K [0x00000000d5580000, 0x00000000ee780000, 0x0000000100000000)
  eden space 352768K, 99% used [0x00000000d5580000,0x00000000eadd7198,0x00000000eae00000)
  from space 29184K, 99% used [0x00000000eae00000,0x00000000eca7f870,0x00000000eca80000)
  to   space 23040K, 0% used [0x00000000eca80000,0x00000000eca80000,0x00000000ee100000)
 ParOldGen       total 159232K, used 108111K [0x0000000080000000, 0x0000000089b80000, 0x00000000d5580000)
  object space 159232K, 67% used [0x0000000080000000,0x0000000086993cf0,0x0000000089b80000)
 Metaspace       used 106249K, capacity 111110K, committed 111256K, reserved 1144832K
  class space    used 14209K, capacity 15204K, committed 15280K, reserved 1048576K
Event: 41.694 GC heap after
Heap after GC invocations=18 (full 4):
 PSYoungGen      total 375808K, used 23010K [0x00000000d5580000, 0x00000000ee780000, 0x0000000100000000)
  eden space 352768K, 0% used [0x00000000d5580000,0x00000000d5580000,0x00000000eae00000)
  from space 23040K, 99% used [0x00000000eca80000,0x00000000ee0f8830,0x00000000ee100000)
  to   space 29184K, 0% used [0x00000000eae00000,0x00000000eae00000,0x00000000eca80000)
 ParOldGen       total 190464K, used 190276K [0x0000000080000000, 0x000000008ba00000, 0x00000000d5580000)
  object space 190464K, 99% used [0x0000000080000000,0x000000008b9d1300,0x000000008ba00000)
 Metaspace       used 106249K, capacity 111110K, committed 111256K, reserved 1144832K
  class space    used 14209K, capacity 15204K, committed 15280K, reserved 1048576K
}
Event: 41.694 GC heap before
{Heap before GC invocations=19 (full 5):
 PSYoungGen      total 375808K, used 23010K [0x00000000d5580000, 0x00000000ee780000, 0x0000000100000000)
  eden space 352768K, 0% used [0x00000000d5580000,0x00000000d5580000,0x00000000eae00000)
  from space 23040K, 99% used [0x00000000eca80000,0x00000000ee0f8830,0x00000000ee100000)
  to   space 29184K, 0% used [0x00000000eae00000,0x00000000eae00000,0x00000000eca80000)
 ParOldGen       total 190464K, used 190276K [0x0000000080000000, 0x000000008ba00000, 0x00000000d5580000)
  object space 190464K, 99% used [0x0000000080000000,0x000000008b9d1300,0x000000008ba00000)
 Metaspace       used 106249K, capacity 111110K, committed 111256K, reserved 1144832K
  class space    used 14209K, capacity 15204K, committed 15280K, reserved 1048576K
Event: 43.101 GC heap after
Heap after GC invocations=19 (full 5):
 PSYoungGen      total 375808K, used 0K [0x00000000d5580000, 0x00000000ee780000, 0x0000000100000000)
  eden space 352768K, 0% used [0x00000000d5580000,0x00000000d5580000,0x00000000eae00000)
  from space 23040K, 0% used [0x00000000eca80000,0x00000000eca80000,0x00000000ee100000)
  to   space 29184K, 0% used [0x00000000eae00000,0x00000000eae00000,0x00000000eca80000)
 ParOldGen       total 190464K, used 157683K [0x0000000080000000, 0x000000008ba00000, 0x00000000d5580000)
  object space 190464K, 82% used [0x0000000080000000,0x00000000899fcc38,0x000000008ba00000)
 Metaspace       used 105819K, capacity 110048K, committed 111256K, reserved 1144832K
  class space    used 14057K, capacity 14931K, committed 15280K, reserved 1048576K
}
Event: 75.615 GC heap before
{Heap before GC invocations=20 (full 6):
 PSYoungGen      total 375808K, used 352768K [0x00000000d5580000, 0x00000000ee780000, 0x0000000100000000)
  eden space 352768K, 100% used [0x00000000d5580000,0x00000000eae00000,0x00000000eae00000)
  from space 23040K, 0% used [0x00000000eca80000,0x00000000eca80000,0x00000000ee100000)
  to   space 29184K, 0% used [0x00000000eae00000,0x00000000eae00000,0x00000000eca80000)
 ParOldGen       total 190464K, used 157683K [0x0000000080000000, 0x000000008ba00000, 0x00000000d5580000)
  object space 190464K, 82% used [0x0000000080000000,0x00000000899fcc38,0x000000008ba00000)
 Metaspace       used 110040K, capacity 114434K, committed 115352K, reserved 1148928K
  class space    used 14350K, capacity 15250K, committed 15536K, reserved 1048576K
Event: 75.867 GC heap after
Heap after GC invocations=20 (full 6):
 PSYoungGen      total 375808K, used 0K [0x00000000d5580000, 0x00000000ee780000, 0x0000000100000000)
  eden space 352768K, 0% used [0x00000000d5580000,0x00000000d5580000,0x00000000eae00000)
  from space 23040K, 0% used [0x00000000eca80000,0x00000000eca80000,0x00000000ee100000)
  to   space 29184K, 0% used [0x00000000eae00000,0x00000000eae00000,0x00000000eca80000)
 ParOldGen       total 190464K, used 107198K [0x0000000080000000, 0x000000008ba00000, 0x00000000d5580000)
  object space 190464K, 56% used [0x0000000080000000,0x00000000868afb60,0x000000008ba00000)
 Metaspace       used 110040K, capacity 114434K, committed 115352K, reserved 1148928K
  class space    used 14350K, capacity 15250K, committed 15536K, reserved 1048576K
}

Deoptimization events (10 events):
Event: 74.478 Thread 0x000000001fc95000 Uncommon trap: reason=unstable_if action=reinterpret pc=0x00000000047cf170 method=com.google.common.collect.MapMakerInternalMap$Segment.getEntry(Ljava/lang/Object;I)Lcom/google/common/collect/MapMakerInternalMap$InternalEntry; @ 40
Event: 74.808 Thread 0x000000001fc9e000 Uncommon trap: reason=class_check action=maybe_recompile pc=0x0000000004ab99c0 method=org.gradle.internal.snapshot.SnapshotUtil.getMetadataFromChildren(Ljava/util/List;Lorg/gradle/internal/snapshot/VfsRelativePath;Lorg/gradle/internal/snapshot/CaseSensiti
Event: 75.455 Thread 0x000000001fca2000 Uncommon trap: reason=bimorphic action=maybe_recompile pc=0x0000000004837fe4 method=java.util.stream.StreamOpFlag.fromCharacteristics(Ljava/util/Spliterator;)I @ 14
Event: 75.601 Thread 0x000000001fca2800 Uncommon trap: reason=unstable_if action=reinterpret pc=0x00000000053161d4 method=java.util.concurrent.ForkJoinPool.signalWork([Ljava/util/concurrent/ForkJoinPool$WorkQueue;Ljava/util/concurrent/ForkJoinPool$WorkQueue;)V @ 8
Event: 75.603 Thread 0x000000001fca2800 Uncommon trap: reason=unstable_if action=reinterpret pc=0x00000000054256d8 method=com.android.tools.r8.dex.n.b()Lcom/android/tools/r8/graph/x; @ 89
Event: 75.603 Thread 0x00000000216bd800 Uncommon trap: reason=unstable_if action=reinterpret pc=0x00000000054256d8 method=com.android.tools.r8.dex.n.b()Lcom/android/tools/r8/graph/x; @ 89
Event: 75.603 Thread 0x000000001fca3800 Uncommon trap: reason=unstable_if action=reinterpret pc=0x00000000054256d8 method=com.android.tools.r8.dex.n.b()Lcom/android/tools/r8/graph/x; @ 89
Event: 76.102 Thread 0x000000001fca2000 Uncommon trap: reason=null_check action=make_not_entrant pc=0x0000000003ae9270 method=com.android.tools.r8.s.a.b.h.a(Ljava/lang/Object;)V @ 71
Event: 76.106 Thread 0x000000001fca2000 Uncommon trap: reason=null_check action=make_not_entrant pc=0x00000000058ab054 method=com.android.tools.r8.s.a.b.h.a(Ljava/lang/Object;)V @ 71
Event: 76.481 Thread 0x000000001fca2000 Uncommon trap: reason=array_check action=maybe_recompile pc=0x00000000053f9d14 method=java.util.TimSort.reverseRange([Ljava/lang/Object;II)V @ 20

Classes redefined (0 events):
No events

Internal exceptions (10 events):
Event: 74.905 Thread 0x000000001fc96000 Exception <a 'sun/nio/fs/WindowsException'> (0x00000000e3bcfc10) thrown at [C:\src\AOSP-openjdk-git\hotspot\src\share\vm\prims\jni.cpp, line 710]
Event: 74.905 Thread 0x000000001fc96000 Exception <a 'sun/nio/fs/WindowsException'> (0x00000000e3bd0860) thrown at [C:\src\AOSP-openjdk-git\hotspot\src\share\vm\prims\jni.cpp, line 710]
Event: 74.905 Thread 0x000000001fc96000 Exception <a 'sun/nio/fs/WindowsException'> (0x00000000e3bd1520) thrown at [C:\src\AOSP-openjdk-git\hotspot\src\share\vm\prims\jni.cpp, line 710]
Event: 74.905 Thread 0x000000001fc96000 Exception <a 'sun/nio/fs/WindowsException'> (0x00000000e3bd50c8) thrown at [C:\src\AOSP-openjdk-git\hotspot\src\share\vm\prims\jni.cpp, line 710]
Event: 74.906 Thread 0x000000001fc96000 Exception <a 'sun/nio/fs/WindowsException'> (0x00000000e3bd5d58) thrown at [C:\src\AOSP-openjdk-git\hotspot\src\share\vm\prims\jni.cpp, line 710]
Event: 74.906 Thread 0x000000001fc96000 Exception <a 'sun/nio/fs/WindowsException'> (0x00000000e3bd6a58) thrown at [C:\src\AOSP-openjdk-git\hotspot\src\share\vm\prims\jni.cpp, line 710]
Event: 74.906 Thread 0x000000001fc96000 Exception <a 'sun/nio/fs/WindowsException'> (0x00000000e3bdcbd8) thrown at [C:\src\AOSP-openjdk-git\hotspot\src\share\vm\prims\jni.cpp, line 710]
Event: 74.906 Thread 0x000000001fc96000 Exception <a 'sun/nio/fs/WindowsException'> (0x00000000e3bdd878) thrown at [C:\src\AOSP-openjdk-git\hotspot\src\share\vm\prims\jni.cpp, line 710]
Event: 74.906 Thread 0x000000001fc96000 Exception <a 'sun/nio/fs/WindowsException'> (0x00000000e3bde588) thrown at [C:\src\AOSP-openjdk-git\hotspot\src\share\vm\prims\jni.cpp, line 710]
Event: 75.450 Thread 0x000000001fca2000 Exception <a 'sun/nio/fs/WindowsException'> (0x00000000e756a918) thrown at [C:\src\AOSP-openjdk-git\hotspot\src\share\vm\prims\jni.cpp, line 710]

Events (10 events):
Event: 76.556 Thread 0x00000000216c5800 DEOPT PACKING pc=0x000000000541ce01 sp=0x000000002a7dec30
Event: 76.556 Thread 0x00000000216c5800 DEOPT UNPACKING pc=0x0000000002bd75d0 sp=0x000000002a7dea48 mode 0
Event: 76.575 Thread 0x00000000216c5800 DEOPT PACKING pc=0x00000000054009c4 sp=0x000000002a7deb30
Event: 76.575 Thread 0x00000000216c5800 DEOPT UNPACKING pc=0x0000000002bd75d0 sp=0x000000002a7de860 mode 0
Event: 76.576 Thread 0x00000000216c5800 DEOPT PACKING pc=0x000000000541ce01 sp=0x000000002a7dec50
Event: 76.576 Thread 0x00000000216c5800 DEOPT UNPACKING pc=0x0000000002bd75d0 sp=0x000000002a7dea68 mode 0
Event: 76.609 Thread 0x00000000216c5800 DEOPT PACKING pc=0x00000000054009c4 sp=0x000000002a7deb50
Event: 76.609 Thread 0x00000000216c5800 DEOPT UNPACKING pc=0x0000000002bd75d0 sp=0x000000002a7de880 mode 0
Event: 76.611 Thread 0x00000000216c5800 DEOPT PACKING pc=0x000000000541ce01 sp=0x000000002a7dec70
Event: 76.611 Thread 0x00000000216c5800 DEOPT UNPACKING pc=0x0000000002bd75d0 sp=0x000000002a7dea88 mode 0


Dynamic libraries:
0x00007ff6c0880000 - 0x00007ff6c08b1000 	C:\Program Files\Android\Android Studio\jre\bin\java.exe
0x00007ffe6ce20000 - 0x00007ffe6d010000 	C:\WINDOWS\SYSTEM32\ntdll.dll
0x00007ffe6c4f0000 - 0x00007ffe6c5a2000 	C:\WINDOWS\System32\KERNEL32.DLL
0x00007ffe6ab80000 - 0x00007ffe6ae24000 	C:\WINDOWS\System32\KERNELBASE.dll
0x00007ffe6bb30000 - 0x00007ffe6bbd3000 	C:\WINDOWS\System32\ADVAPI32.dll
0x00007ffe6cb90000 - 0x00007ffe6cc2e000 	C:\WINDOWS\System32\msvcrt.dll
0x00007ffe6c750000 - 0x00007ffe6c7e7000 	C:\WINDOWS\System32\sechost.dll
0x00007ffe6c630000 - 0x00007ffe6c750000 	C:\WINDOWS\System32\RPCRT4.dll
0x00007ffe6b3b0000 - 0x00007ffe6b544000 	C:\WINDOWS\System32\USER32.dll
0x00007ffe6ab30000 - 0x00007ffe6ab51000 	C:\WINDOWS\System32\win32u.dll
0x00007ffe6c8b0000 - 0x00007ffe6c8d6000 	C:\WINDOWS\System32\GDI32.dll
0x00007ffe6a5e0000 - 0x00007ffe6a774000 	C:\WINDOWS\System32\gdi32full.dll
0x00007ffe6ae30000 - 0x00007ffe6aece000 	C:\WINDOWS\System32\msvcp_win.dll
0x00007ffe6aa30000 - 0x00007ffe6ab2a000 	C:\WINDOWS\System32\ucrtbase.dll
0x00007ffe594d0000 - 0x00007ffe59754000 	C:\WINDOWS\WinSxS\amd64_microsoft.windows.common-controls_6595b64144ccf1df_6.0.18362.836_none_e6c4b943130f18ed\COMCTL32.dll
0x00007ffe6b580000 - 0x00007ffe6b8b6000 	C:\WINDOWS\System32\combase.dll
0x00007ffe6a9b0000 - 0x00007ffe6aa30000 	C:\WINDOWS\System32\bcryptPrimitives.dll
0x00007ffe6bbe0000 - 0x00007ffe6bc0e000 	C:\WINDOWS\System32\IMM32.DLL
0x000000005d020000 - 0x000000005d0f2000 	C:\Program Files\Android\Android Studio\jre\jre\bin\msvcr100.dll
0x000000005d1e0000 - 0x000000005da2b000 	C:\Program Files\Android\Android Studio\jre\jre\bin\server\jvm.dll
0x00007ffe6bb20000 - 0x00007ffe6bb28000 	C:\WINDOWS\System32\PSAPI.DLL
0x00007ffe66210000 - 0x00007ffe66234000 	C:\WINDOWS\SYSTEM32\WINMM.dll
0x00007ffe61f50000 - 0x00007ffe61f5a000 	C:\WINDOWS\SYSTEM32\VERSION.dll
0x00007ffe661e0000 - 0x00007ffe6620d000 	C:\WINDOWS\SYSTEM32\winmmbase.dll
0x00007ffe6a780000 - 0x00007ffe6a7ca000 	C:\WINDOWS\System32\cfgmgr32.dll
0x00007ffe62d90000 - 0x00007ffe62d99000 	C:\WINDOWS\SYSTEM32\WSOCK32.dll
0x00007ffe6bab0000 - 0x00007ffe6bb1f000 	C:\WINDOWS\System32\ws2_32.DLL
0x00007ffe60880000 - 0x00007ffe6088f000 	C:\Program Files\Android\Android Studio\jre\jre\bin\verify.dll
0x00007ffe4e240000 - 0x00007ffe4e269000 	C:\Program Files\Android\Android Studio\jre\jre\bin\java.dll
0x00007ffe55850000 - 0x00007ffe55866000 	C:\Program Files\Android\Android Studio\jre\jre\bin\zip.dll
0x00007ffe6bc10000 - 0x00007ffe6c2f4000 	C:\WINDOWS\System32\SHELL32.dll
0x00007ffe6ba00000 - 0x00007ffe6baa9000 	C:\WINDOWS\System32\shcore.dll
0x00007ffe69e60000 - 0x00007ffe6a5de000 	C:\WINDOWS\System32\windows.storage.dll
0x00007ffe69d10000 - 0x00007ffe69d33000 	C:\WINDOWS\System32\profapi.dll
0x00007ffe69d40000 - 0x00007ffe69d8a000 	C:\WINDOWS\System32\powrprof.dll
0x00007ffe69ce0000 - 0x00007ffe69cf0000 	C:\WINDOWS\System32\UMPDC.dll
0x00007ffe6c7f0000 - 0x00007ffe6c842000 	C:\WINDOWS\System32\shlwapi.dll
0x00007ffe69cf0000 - 0x00007ffe69d01000 	C:\WINDOWS\System32\kernel.appcore.dll
0x00007ffe6ab60000 - 0x00007ffe6ab77000 	C:\WINDOWS\System32\cryptsp.dll
0x00007ffe52420000 - 0x00007ffe5243a000 	C:\Program Files\Android\Android Studio\jre\jre\bin\net.dll
0x00007ffe694f0000 - 0x00007ffe69557000 	C:\WINDOWS\system32\mswsock.dll
0x00007ffe4e220000 - 0x00007ffe4e233000 	C:\Program Files\Android\Android Studio\jre\jre\bin\nio.dll
0x00007ffe492b0000 - 0x00007ffe492d6000 	C:\Users\delli\.gradle\native\31\windows-amd64\native-platform.dll
0x00007ffe603e0000 - 0x00007ffe603ed000 	C:\Program Files\Android\Android Studio\jre\jre\bin\management.dll
0x00007ffe69060000 - 0x00007ffe69093000 	C:\WINDOWS\system32\rsaenh.dll
0x00007ffe6a980000 - 0x00007ffe6a9a6000 	C:\WINDOWS\System32\bcrypt.dll
0x00007ffe69c00000 - 0x00007ffe69c25000 	C:\WINDOWS\SYSTEM32\USERENV.dll
0x00007ffe696c0000 - 0x00007ffe696cc000 	C:\WINDOWS\SYSTEM32\CRYPTBASE.dll
0x00007ffe69200000 - 0x00007ffe6923a000 	C:\WINDOWS\SYSTEM32\IPHLPAPI.DLL
0x00007ffe6b550000 - 0x00007ffe6b558000 	C:\WINDOWS\System32\NSI.dll
0x00007ffe634f0000 - 0x00007ffe63506000 	C:\WINDOWS\SYSTEM32\dhcpcsvc6.DLL
0x00007ffe634d0000 - 0x00007ffe634ec000 	C:\WINDOWS\SYSTEM32\dhcpcsvc.DLL
0x00007ffe69240000 - 0x00007ffe6930b000 	C:\WINDOWS\SYSTEM32\DNSAPI.dll
0x00007ffe49640000 - 0x00007ffe49664000 	C:\Program Files\Android\Android Studio\jre\jre\bin\sunec.dll
0x00007ffe60410000 - 0x00007ffe6041a000 	C:\Windows\System32\rasadhlp.dll
0x00007ffe62cd0000 - 0x00007ffe62d47000 	C:\WINDOWS\System32\fwpuclnt.dll
0x00007ffe5b020000 - 0x00007ffe5b02b000 	C:\Program Files\Android\Android Studio\jre\jre\bin\sunmscapi.dll
0x00007ffe6a7d0000 - 0x00007ffe6a919000 	C:\WINDOWS\System32\CRYPT32.dll
0x00007ffe69d90000 - 0x00007ffe69da2000 	C:\WINDOWS\System32\MSASN1.dll
0x00007ffe556c0000 - 0x00007ffe556de000 	C:\Users\delli\AppData\Local\Temp\native-platform8911051082607249728dir\native-platform.dll

VM Arguments:
jvm_args: -Xmx2048m -Dfile.encoding=windows-1251 -Duser.country=US -Duser.language=en -Duser.variant 
java_command: org.gradle.launcher.daemon.bootstrap.GradleDaemon 6.1.1
java_class_path (initial): C:\Users\delli\.gradle\wrapper\dists\gradle-6.1.1-all\cfmwm155h49vnt3hynmlrsdst\gradle-6.1.1\lib\gradle-launcher-6.1.1.jar
Launcher Type: SUN_STANDARD

Environment Variables:
PATH=C:\Program Files (x86)\Common Files\Oracle\Java\javapath;C:\ProgramData\Oracle\Java\javapath;C:\Program Files (x86)\Razer Chroma SDK\bin;C:\Program Files\Razer Chroma SDK\bin;C:\WINDOWS\system32;C:\WINDOWS;C:\WINDOWS\System32\Wbem;C:\WINDOWS\System32\WindowsPowerShell\v1.0\;C:\Program Files (x86)\NVIDIA Corporation\PhysX\Common;C:\Program Files (x86)\Windows Live\Shared;C:\Program Files\Microsoft SQL Server\130\Tools\Binn\;C:\Program Files\Microsoft\Web Platform Installer\;C:\Program Files (x86)\Microsoft VS Code\bin;C:\Program Files (x86)\Microsoft SQL Server\110\DTS\Binn\;C:\Program Files (x86)\Microsoft SQL Server\120\DTS\Binn\;C:\Program Files (x86)\Microsoft SQL Server\130\DTS\Binn\;C:\Program Files\dotnet\;C:\Program Files (x86)\Skype\Phone\;C:\Program Files (x86)\GtkSharp\2.12\bin;F:\Program Files\Git\cmd;C:\WINDOWS\System32\OpenSSH\;C:\Program Files\NVIDIA Corporation\NVIDIA NvDLISR;%SystemRoot%\system32;%SystemRoot%;%SystemRoot%\System32\Wbem;%SYSTEMROOT%\System32\WindowsPowerShell\v1.0\;%SYSTEMROOT%\System32\OpenSSH\;C://FFMPEG;C:\Users\delli\AppData\Local\Microsoft\WindowsApps;;C:\Users\delli\AppData\Local\Programs\Fiddler
USERNAME=delli
OS=Windows_NT
PROCESSOR_IDENTIFIER=Intel64 Family 6 Model 58 Stepping 9, GenuineIntel



---------------  S Y S T E M  ---------------

OS: Windows 10.0 , 64 bit Build 18362 (10.0.18362.778)

CPU:total 8 (initial active 8) (4 cores per cpu, 2 threads per core) family 6 model 58 stepping 9, cmov, cx8, fxsr, mmx, sse, sse2, sse3, ssse3, sse4.1, sse4.2, popcnt, avx, aes, clmul, erms, ht, tsc, tscinvbit, tscinv

Memory: 4k page, physical 12539924k(423820k free), swap 20928532k(5268k free)

vm_info: OpenJDK 64-Bit Server VM (25.242-b01) for windows-amd64 JRE (1.8.0_242-release-1644-b01), built by "builder" with MS VC++ 10.0 (VS2010)

time: Sun Jun 14 10:32:55 2020
timezone: Russia TZ 2 Standard Time
elapsed time: 76 seconds (0d 0h 1m 16s)

